{"/Users/gongjeonghun/Documents/GitHub/date-format/src/index.ts": {"path":"/Users/gongjeonghun/Documents/GitHub/date-format/src/index.ts","statementMap":{"0":{"start":{"line":13,"column":0},"end":{"line":17,"column":2}},"1":{"start":{"line":14,"column":15},"end":{"line":14,"column":19}},"2":{"start":{"line":15,"column":16},"end":{"line":15,"column":57}},"3":{"start":{"line":16,"column":2},"end":{"line":16,"column":38}},"4":{"start":{"line":19,"column":0},"end":{"line":23,"column":2}},"5":{"start":{"line":20,"column":15},"end":{"line":20,"column":30}},"6":{"start":{"line":21,"column":16},"end":{"line":21,"column":57}},"7":{"start":{"line":22,"column":2},"end":{"line":22,"column":38}},"8":{"start":{"line":25,"column":0},"end":{"line":77,"column":2}},"9":{"start":{"line":26,"column":22},"end":{"line":26,"column":26}},"10":{"start":{"line":27,"column":15},"end":{"line":27,"column":40}},"11":{"start":{"line":28,"column":16},"end":{"line":28,"column":42}},"12":{"start":{"line":29,"column":15},"end":{"line":29,"column":36}},"13":{"start":{"line":30,"column":16},"end":{"line":30,"column":38}},"14":{"start":{"line":31,"column":18},"end":{"line":31,"column":42}},"15":{"start":{"line":32,"column":18},"end":{"line":32,"column":42}},"16":{"start":{"line":33,"column":14},"end":{"line":33,"column":34}},"17":{"start":{"line":34,"column":20},"end":{"line":34,"column":55}},"18":{"start":{"line":36,"column":2},"end":{"line":76,"column":4}},"19":{"start":{"line":39,"column":6},"end":{"line":74,"column":null}},"20":{"start":{"line":41,"column":10},"end":{"line":41,"column":33}},"21":{"start":{"line":43,"column":10},"end":{"line":43,"column":42}},"22":{"start":{"line":45,"column":10},"end":{"line":45,"column":34}},"23":{"start":{"line":47,"column":10},"end":{"line":47,"column":34}},"24":{"start":{"line":49,"column":10},"end":{"line":49,"column":33}},"25":{"start":{"line":51,"column":10},"end":{"line":51,"column":33}},"26":{"start":{"line":53,"column":10},"end":{"line":53,"column":34}},"27":{"start":{"line":55,"column":10},"end":{"line":55,"column":34}},"28":{"start":{"line":57,"column":10},"end":{"line":57,"column":59}},"29":{"start":{"line":59,"column":10},"end":{"line":59,"column":77}},"30":{"start":{"line":61,"column":10},"end":{"line":61,"column":36}},"31":{"start":{"line":63,"column":10},"end":{"line":63,"column":36}},"32":{"start":{"line":65,"column":10},"end":{"line":65,"column":36}},"33":{"start":{"line":67,"column":10},"end":{"line":67,"column":36}},"34":{"start":{"line":69,"column":10},"end":{"line":69,"column":46}},"35":{"start":{"line":71,"column":10},"end":{"line":71,"column":32}},"36":{"start":{"line":73,"column":10},"end":{"line":73,"column":23}}},"fnMap":{"0":{"name":"(anonymous_0)","decl":{"start":{"line":13,"column":27},"end":{"line":13,"column":37}},"loc":{"start":{"line":13,"column":51},"end":{"line":17,"column":1}}},"1":{"name":"(anonymous_1)","decl":{"start":{"line":19,"column":27},"end":{"line":19,"column":37}},"loc":{"start":{"line":19,"column":51},"end":{"line":23,"column":1}}},"2":{"name":"(anonymous_2)","decl":{"start":{"line":25,"column":24},"end":{"line":25,"column":34}},"loc":{"start":{"line":25,"column":49},"end":{"line":77,"column":1}}},"3":{"name":"(anonymous_3)","decl":{"start":{"line":38,"column":4},"end":{"line":38,"column":14}},"loc":{"start":{"line":38,"column":27},"end":{"line":75,"column":5}}}},"branchMap":{"0":{"loc":{"start":{"line":40,"column":8},"end":{"line":41,"column":33}},"type":"switch","locations":[{"start":{"line":40,"column":8},"end":{"line":41,"column":33}},{"start":{"line":42,"column":8},"end":{"line":43,"column":42}},{"start":{"line":44,"column":8},"end":{"line":45,"column":34}},{"start":{"line":46,"column":8},"end":{"line":47,"column":34}},{"start":{"line":48,"column":8},"end":{"line":49,"column":33}},{"start":{"line":50,"column":8},"end":{"line":51,"column":33}},{"start":{"line":52,"column":8},"end":{"line":53,"column":34}},{"start":{"line":54,"column":8},"end":{"line":55,"column":34}},{"start":{"line":56,"column":8},"end":{"line":57,"column":59}},{"start":{"line":58,"column":8},"end":{"line":59,"column":77}},{"start":{"line":60,"column":8},"end":{"line":61,"column":36}},{"start":{"line":62,"column":8},"end":{"line":63,"column":36}},{"start":{"line":64,"column":8},"end":{"line":65,"column":36}},{"start":{"line":66,"column":8},"end":{"line":67,"column":36}},{"start":{"line":68,"column":8},"end":{"line":69,"column":46}},{"start":{"line":70,"column":8},"end":{"line":71,"column":32}},{"start":{"line":72,"column":8},"end":{"line":73,"column":23}}]},"1":{"loc":{"start":{"line":57,"column":31},"end":{"line":57,"column":41}},"type":"cond-expr","locations":[{"start":{"line":57,"column":31},"end":{"line":57,"column":41}},{"start":{"line":57,"column":44},"end":{"line":57,"column":46}}]},"2":{"loc":{"start":{"line":59,"column":31},"end":{"line":59,"column":59}},"type":"cond-expr","locations":[{"start":{"line":59,"column":31},"end":{"line":59,"column":59}},{"start":{"line":59,"column":62},"end":{"line":59,"column":64}}]},"3":{"loc":{"start":{"line":69,"column":34},"end":{"line":69,"column":38}},"type":"cond-expr","locations":[{"start":{"line":69,"column":34},"end":{"line":69,"column":38}},{"start":{"line":69,"column":41},"end":{"line":69,"column":45}}]}},"s":{"0":2,"1":1,"2":1,"3":1,"4":2,"5":12,"6":12,"7":12,"8":2,"9":17,"10":17,"11":17,"12":17,"13":17,"14":17,"15":17,"16":17,"17":17,"18":17,"19":24,"20":2,"21":1,"22":2,"23":1,"24":2,"25":1,"26":2,"27":1,"28":1,"29":1,"30":2,"31":1,"32":2,"33":1,"34":2,"35":2,"36":0},"f":{"0":1,"1":12,"2":17,"3":24},"b":{"0":[2,1,2,1,2,1,2,1,1,1,2,1,2,1,2,2,0],"1":[1,0],"2":[1,0],"3":[2,0]}}
}
