TN:
SF:src/index.ts
FN:13,(anonymous_0)
FN:19,(anonymous_1)
FN:25,(anonymous_2)
FN:38,(anonymous_3)
FNF:4
FNH:4
FNDA:1,(anonymous_0)
FNDA:12,(anonymous_1)
FNDA:17,(anonymous_2)
FNDA:24,(anonymous_3)
DA:13,2
DA:14,1
DA:15,1
DA:16,1
DA:19,2
DA:20,12
DA:21,12
DA:22,12
DA:25,2
DA:26,17
DA:27,17
DA:28,17
DA:29,17
DA:30,17
DA:31,17
DA:32,17
DA:33,17
DA:34,17
DA:36,17
DA:39,24
DA:41,2
DA:43,1
DA:45,2
DA:47,1
DA:49,2
DA:51,1
DA:53,2
DA:55,1
DA:57,1
DA:59,1
DA:61,2
DA:63,1
DA:65,2
DA:67,1
DA:69,2
DA:71,2
DA:73,0
LF:37
LH:36
BRDA:40,0,0,2
BRDA:40,0,1,1
BRDA:40,0,2,2
BRDA:40,0,3,1
BRDA:40,0,4,2
BRDA:40,0,5,1
BRDA:40,0,6,2
BRDA:40,0,7,1
BRDA:40,0,8,1
BRDA:40,0,9,1
BRDA:40,0,10,2
BRDA:40,0,11,1
BRDA:40,0,12,2
BRDA:40,0,13,1
BRDA:40,0,14,2
BRDA:40,0,15,2
BRDA:40,0,16,0
BRDA:57,1,0,1
BRDA:57,1,1,0
BRDA:59,2,0,1
BRDA:59,2,1,0
BRDA:69,3,0,2
BRDA:69,3,1,0
BRF:23
BRH:19
end_of_record
